<?xml version="1.0" encoding="UTF-8" standalone="yes"?>
<ns2:test-suite start="1567362904794" stop="1567363975441" version="1.5.4" xmlns:ns2="urn:model.allure.qatools.yandex.ru">
    <name>Default suite : Default test</name>
    <title>Default suite : Default test</title>
    <test-cases>
        <test-case start="1567363213504" stop="1567363525582" status="passed">
            <name>Smoke_Test_amazon_aax_home_screen_today_preload_adcall__iu</name>
            <title>Verifying amazon aax home screen today preload ad call</title>
            <description></description>
            <steps/>
            <attachments/>
            <labels>
                <label name="testSuite" value="Default suite"/>
                <label name="testGroup" value="Default test"/>
                <label name="testClass" value="twc.Automation.SmokeTestCases.smokeTestCases"/>
                <label name="testMethod" value="Smoke_Test_amazon_aax_home_screen_today_preload_adcall__iu"/>
                <label name="host" value="Aswinikumars-MacBook-Pro.local"/>
                <label name="thread" value="7168@Aswinikumars-MacBook-Pro.local.main(1)"/>
            </labels>
        </test-case>
        <test-case start="1567363526025" stop="1567363526244" status="passed">
            <name>Smoke_Test_amazon_aax_rader_card_preload_adcall</name>
            <title>Verifying amazon aax home screen today preload ad call</title>
            <description></description>
            <steps/>
            <attachments/>
            <labels>
                <label name="testSuite" value="Default suite"/>
                <label name="testGroup" value="Default test"/>
                <label name="testClass" value="twc.Automation.SmokeTestCases.smokeTestCases"/>
                <label name="testMethod" value="Smoke_Test_amazon_aax_rader_card_preload_adcall"/>
                <label name="host" value="Aswinikumars-MacBook-Pro.local"/>
                <label name="thread" value="7168@Aswinikumars-MacBook-Pro.local.main(1)"/>
            </labels>
        </test-case>
        <test-case start="1567363526246" stop="1567363526487" status="passed">
            <name>Smoke_Test_amazon_aax_AQ_card_preload_adcall</name>
            <title>Verifying amazon aax Air Quality preload ad call</title>
            <description></description>
            <steps/>
            <attachments/>
            <labels>
                <label name="testSuite" value="Default suite"/>
                <label name="testGroup" value="Default test"/>
                <label name="testClass" value="twc.Automation.SmokeTestCases.smokeTestCases"/>
                <label name="testMethod" value="Smoke_Test_amazon_aax_AQ_card_preload_adcall"/>
                <label name="host" value="Aswinikumars-MacBook-Pro.local"/>
                <label name="thread" value="7168@Aswinikumars-MacBook-Pro.local.main(1)"/>
            </labels>
        </test-case>
        <test-case start="1567363526489" stop="1567363526635" status="passed">
            <name>Smoke_Test_amazon_aax_Hourly_preload_adcall</name>
            <title>Verifying amazon aax Hourly  preload ad call</title>
            <description></description>
            <steps/>
            <attachments/>
            <labels>
                <label name="testSuite" value="Default suite"/>
                <label name="testGroup" value="Default test"/>
                <label name="testClass" value="twc.Automation.SmokeTestCases.smokeTestCases"/>
                <label name="testMethod" value="Smoke_Test_amazon_aax_Hourly_preload_adcall"/>
                <label name="host" value="Aswinikumars-MacBook-Pro.local"/>
                <label name="thread" value="7168@Aswinikumars-MacBook-Pro.local.main(1)"/>
            </labels>
        </test-case>
        <test-case start="1567363526637" stop="1567363526841" status="passed">
            <name>Smoke_Test_amazon_aax_Daily_preload_adcall</name>
            <title>Verifying amazon aax daily preload ad call</title>
            <description></description>
            <steps/>
            <attachments/>
            <labels>
                <label name="testSuite" value="Default suite"/>
                <label name="testGroup" value="Default test"/>
                <label name="testClass" value="twc.Automation.SmokeTestCases.smokeTestCases"/>
                <label name="testMethod" value="Smoke_Test_amazon_aax_Daily_preload_adcall"/>
                <label name="host" value="Aswinikumars-MacBook-Pro.local"/>
                <label name="thread" value="7168@Aswinikumars-MacBook-Pro.local.main(1)"/>
            </labels>
        </test-case>
        <test-case start="1567363526842" stop="1567363527074" status="passed">
            <name>Smoke_Test_amazon_aax_mapsdetails_preload_adcall</name>
            <title>Verifying amazon aax maps preload ad call</title>
            <description></description>
            <steps/>
            <attachments/>
            <labels>
                <label name="testSuite" value="Default suite"/>
                <label name="testGroup" value="Default test"/>
                <label name="testClass" value="twc.Automation.SmokeTestCases.smokeTestCases"/>
                <label name="testMethod" value="Smoke_Test_amazon_aax_mapsdetails_preload_adcall"/>
                <label name="host" value="Aswinikumars-MacBook-Pro.local"/>
                <label name="thread" value="7168@Aswinikumars-MacBook-Pro.local.main(1)"/>
            </labels>
        </test-case>
        <test-case start="1567363527076" stop="1567363527195" status="passed">
            <name>Smoke_Test_CaseVerify_Homescreen_ad_iu</name>
            <title>Verifying iu value for Home screen</title>
            <description></description>
            <steps/>
            <attachments/>
            <labels>
                <label name="testSuite" value="Default suite"/>
                <label name="testGroup" value="Default test"/>
                <label name="testClass" value="twc.Automation.SmokeTestCases.smokeTestCases"/>
                <label name="testMethod" value="Smoke_Test_CaseVerify_Homescreen_ad_iu"/>
                <label name="host" value="Aswinikumars-MacBook-Pro.local"/>
                <label name="thread" value="7168@Aswinikumars-MacBook-Pro.local.main(1)"/>
            </labels>
        </test-case>
        <test-case start="1567363527197" stop="1567363527464" status="passed">
            <name>Smoke_Test_CaseVerify_WeatherFXAPI_url</name>
            <title>Verifying wfxtg triggere call url</title>
            <description></description>
            <steps/>
            <attachments/>
            <labels>
                <label name="testSuite" value="Default suite"/>
                <label name="testGroup" value="Default test"/>
                <label name="testClass" value="twc.Automation.SmokeTestCases.smokeTestCases"/>
                <label name="testMethod" value="Smoke_Test_CaseVerify_WeatherFXAPI_url"/>
                <label name="host" value="Aswinikumars-MacBook-Pro.local"/>
                <label name="thread" value="7168@Aswinikumars-MacBook-Pro.local.main(1)"/>
            </labels>
        </test-case>
        <test-case start="1567363527465" stop="1567363527663" status="passed">
            <name>Smoke_Test_CaseVerify_turbo_url</name>
            <title>Verifying api weather call url</title>
            <description></description>
            <steps/>
            <attachments/>
            <labels>
                <label name="testSuite" value="Default suite"/>
                <label name="testGroup" value="Default test"/>
                <label name="testClass" value="twc.Automation.SmokeTestCases.smokeTestCases"/>
                <label name="testMethod" value="Smoke_Test_CaseVerify_turbo_url"/>
                <label name="host" value="Aswinikumars-MacBook-Pro.local"/>
                <label name="thread" value="7168@Aswinikumars-MacBook-Pro.local.main(1)"/>
            </labels>
        </test-case>
        <test-case start="1567363527665" stop="1567363527793" status="passed">
            <name>Smoke_Test_CaseVerify_adcrwdcntrlnet_url</name>
            <title>Verifying Lotame ad.crwdcntrl.net url</title>
            <description></description>
            <steps/>
            <attachments/>
            <labels>
                <label name="testSuite" value="Default suite"/>
                <label name="testGroup" value="Default test"/>
                <label name="testClass" value="twc.Automation.SmokeTestCases.smokeTestCases"/>
                <label name="testMethod" value="Smoke_Test_CaseVerify_adcrwdcntrlnet_url"/>
                <label name="host" value="Aswinikumars-MacBook-Pro.local"/>
                <label name="thread" value="7168@Aswinikumars-MacBook-Pro.local.main(1)"/>
            </labels>
        </test-case>
        <test-case start="1567363527795" stop="1567363824843" status="broken">
            <name>Smoke_Test_Case_Verify_Video_adCalll</name>
            <title>Verifying Video ad call</title>
            <description></description>
            <failure>
                <message>NoSuchElementException: An element could not be located on the page using the given search parameters. (WARNING: The server did not provide any stacktrace information)
Command duration or timeout: 60.75 seconds
For documentation on this error, please visit: http://seleniumhq.org/exceptions/no_such_element.html
Build info: version: '2.51.0', revision: '1af067dbcaedd7d2ab9af5151fc471d363d97193', time: '2016-02-05 11:20:57'
System info: host: 'Aswinikumars-MacBook-Pro.local', ip: '192.168.1.101', os.name: 'Mac OS X', os.arch: 'x86_64', os.version: '10.14.5', java.version: '1.8.0_181'
Driver info: io.appium.java_client.android.AndroidDriver
Capabilities [{app=/Users/aswinikumar/Downloads/TWC.Automation.Framework/APKFile/app_google_debug_915000162.apk, appPackage=com.weather.Weather, deviceScreenSize=1440x2560, networkConnectionEnabled=true, noReset=true, warnings={}, appWaitPackage=com.weather.Weather, appWaitActivity=com.weather.Weather.app.SplashScreenActivity, databaseEnabled=false, deviceName=03157df33d91c039, platform=LINUX, deviceUDID=03157df33d91c039, appActivity=com.weather.Weather.app.SplashScreenActivity, desired={app=/Users/aswinikumar/Downloads/TWC.Automation.Framework/APKFile/app_google_debug_915000162.apk, appPackage=com.weather.Weather, appium-version=1.4.13, noReset=true, newCommandTimeout=100000, platformVersion=7.0, platformName=Android, deviceName=Samsung}, appium-version=1.4.13, newCommandTimeout=100000, platformVersion=7.0, webStorageEnabled=false, locationContextEnabled=false, takesScreenshot=true, javascriptEnabled=true, deviceModel=SM-G920I, platformName=Android, deviceManufacturer=samsung}]
Session ID: 2a6ef318-6616-486d-9051-0d8b239207bc
*** Element info: {Using=accessibility id, value=Navigate up}</message>
                <stack-trace>org.openqa.selenium.NoSuchElementException: An element could not be located on the page using the given search parameters. (WARNING: The server did not provide any stacktrace information)
Command duration or timeout: 60.75 seconds
For documentation on this error, please visit: http://seleniumhq.org/exceptions/no_such_element.html
Build info: version: '2.51.0', revision: '1af067dbcaedd7d2ab9af5151fc471d363d97193', time: '2016-02-05 11:20:57'
System info: host: 'Aswinikumars-MacBook-Pro.local', ip: '192.168.1.101', os.name: 'Mac OS X', os.arch: 'x86_64', os.version: '10.14.5', java.version: '1.8.0_181'
Driver info: io.appium.java_client.android.AndroidDriver
Capabilities [{app=/Users/aswinikumar/Downloads/TWC.Automation.Framework/APKFile/app_google_debug_915000162.apk, appPackage=com.weather.Weather, deviceScreenSize=1440x2560, networkConnectionEnabled=true, noReset=true, warnings={}, appWaitPackage=com.weather.Weather, appWaitActivity=com.weather.Weather.app.SplashScreenActivity, databaseEnabled=false, deviceName=03157df33d91c039, platform=LINUX, deviceUDID=03157df33d91c039, appActivity=com.weather.Weather.app.SplashScreenActivity, desired={app=/Users/aswinikumar/Downloads/TWC.Automation.Framework/APKFile/app_google_debug_915000162.apk, appPackage=com.weather.Weather, appium-version=1.4.13, noReset=true, newCommandTimeout=100000, platformVersion=7.0, platformName=Android, deviceName=Samsung}, appium-version=1.4.13, newCommandTimeout=100000, platformVersion=7.0, webStorageEnabled=false, locationContextEnabled=false, takesScreenshot=true, javascriptEnabled=true, deviceModel=SM-G920I, platformName=Android, deviceManufacturer=samsung}]
Session ID: 2a6ef318-6616-486d-9051-0d8b239207bc
*** Element info: {Using=accessibility id, value=Navigate up}
	at sun.reflect.NativeConstructorAccessorImpl.newInstance0(Native Method)
	at sun.reflect.NativeConstructorAccessorImpl.newInstance(NativeConstructorAccessorImpl.java:62)
	at sun.reflect.DelegatingConstructorAccessorImpl.newInstance(DelegatingConstructorAccessorImpl.java:45)
	at java.lang.reflect.Constructor.newInstance(Constructor.java:423)
	at org.openqa.selenium.remote.ErrorHandler.createThrowable(ErrorHandler.java:206)
	at org.openqa.selenium.remote.ErrorHandler.throwIfResponseFailed(ErrorHandler.java:158)
	at org.openqa.selenium.remote.RemoteWebDriver.execute(RemoteWebDriver.java:678)
	at io.appium.java_client.DefaultGenericMobileDriver.execute(DefaultGenericMobileDriver.java:42)
	at io.appium.java_client.AppiumDriver.execute(AppiumDriver.java:1)
	at io.appium.java_client.android.AndroidDriver.execute(AndroidDriver.java:1)
	at org.openqa.selenium.remote.RemoteWebDriver.findElement(RemoteWebDriver.java:363)
	at io.appium.java_client.DefaultGenericMobileDriver.findElementByAccessibilityId(DefaultGenericMobileDriver.java:144)
	at io.appium.java_client.AppiumDriver.findElementByAccessibilityId(AppiumDriver.java:1)
	at io.appium.java_client.android.AndroidDriver.findElementByAccessibilityId(AndroidDriver.java:1)
	at twc.Automation.HandleWithAppium.AppiumFunctions.clickOnBackArrowElement(AppiumFunctions.java:587)
	at twc.Automation.SmokeTestCases.smokeTestCases.Smoke_Test_Case_Verify_Video_adCalll(smokeTestCases.java:650)
	at sun.reflect.NativeMethodAccessorImpl.invoke0(Native Method)
	at sun.reflect.NativeMethodAccessorImpl.invoke(NativeMethodAccessorImpl.java:62)
	at sun.reflect.DelegatingMethodAccessorImpl.invoke(DelegatingMethodAccessorImpl.java:43)
	at java.lang.reflect.Method.invoke(Method.java:498)
	at org.testng.internal.MethodInvocationHelper.invokeMethod(MethodInvocationHelper.java:133)
	at org.testng.internal.TestInvoker.invokeMethod(TestInvoker.java:584)
	at org.testng.internal.TestInvoker.invokeTestMethod(TestInvoker.java:172)
	at org.testng.internal.MethodRunner.runInSequence(MethodRunner.java:46)
	at org.testng.internal.TestInvoker$MethodInvocationAgent.invoke(TestInvoker.java:804)
	at org.testng.internal.TestInvoker.invokeTestMethods(TestInvoker.java:145)
	at org.testng.internal.TestMethodWorker.invokeTestMethods(TestMethodWorker.java:146)
	at org.testng.internal.TestMethodWorker.run(TestMethodWorker.java:128)
	at java.util.ArrayList.forEach(ArrayList.java:1257)
	at org.testng.TestRunner.privateRun(TestRunner.java:770)
	at org.testng.TestRunner.run(TestRunner.java:591)
	at org.testng.SuiteRunner.runTest(SuiteRunner.java:402)
	at org.testng.SuiteRunner.runSequentially(SuiteRunner.java:396)
	at org.testng.SuiteRunner.privateRun(SuiteRunner.java:355)
	at org.testng.SuiteRunner.run(SuiteRunner.java:304)
	at org.testng.SuiteRunnerWorker.runSuite(SuiteRunnerWorker.java:53)
	at org.testng.SuiteRunnerWorker.run(SuiteRunnerWorker.java:96)
	at org.testng.TestNG.runSuitesSequentially(TestNG.java:1180)
	at org.testng.TestNG.runSuitesLocally(TestNG.java:1102)
	at org.testng.TestNG.runSuites(TestNG.java:1032)
	at org.testng.TestNG.run(TestNG.java:1000)
	at org.testng.remote.AbstractRemoteTestNG.run(AbstractRemoteTestNG.java:115)
	at org.testng.remote.RemoteTestNG.initAndRun(RemoteTestNG.java:251)
	at org.testng.remote.RemoteTestNG.main(RemoteTestNG.java:77)
</stack-trace>
            </failure>
            <steps/>
            <attachments/>
            <labels>
                <label name="testSuite" value="Default suite"/>
                <label name="testGroup" value="Default test"/>
                <label name="testClass" value="twc.Automation.SmokeTestCases.smokeTestCases"/>
                <label name="testMethod" value="Smoke_Test_Case_Verify_Video_adCalll"/>
                <label name="host" value="Aswinikumars-MacBook-Pro.local"/>
                <label name="thread" value="7168@Aswinikumars-MacBook-Pro.local.main(1)"/>
            </labels>
        </test-case>
        <test-case start="1567363824845" stop="1567363824851" status="broken">
            <name>Smoke_Test_CaseVerify_Radar_Maps_feedcard_adcall</name>
            <title>Verifying iu value for Radar&amp;Maps feed card </title>
            <description></description>
            <failure>
                <message>NullPointerException: null</message>
                <stack-trace>java.lang.NullPointerException
	at twc.Automation.ReadDataFromFile.read_xml_data_into_buffer.read_xml_file_into_buffer_string(read_xml_data_into_buffer.java:47)
	at twc.Automation.General.Functions.finding_Radar_Map_feedcard_iu_value(Functions.java:2376)
	at twc.Automation.SmokeTestCases.smokeTestCases.Smoke_Test_CaseVerify_Radar_Maps_feedcard_adcall(smokeTestCases.java:686)
	at sun.reflect.NativeMethodAccessorImpl.invoke0(Native Method)
	at sun.reflect.NativeMethodAccessorImpl.invoke(NativeMethodAccessorImpl.java:62)
	at sun.reflect.DelegatingMethodAccessorImpl.invoke(DelegatingMethodAccessorImpl.java:43)
	at java.lang.reflect.Method.invoke(Method.java:498)
	at org.testng.internal.MethodInvocationHelper.invokeMethod(MethodInvocationHelper.java:133)
	at org.testng.internal.TestInvoker.invokeMethod(TestInvoker.java:584)
	at org.testng.internal.TestInvoker.invokeTestMethod(TestInvoker.java:172)
	at org.testng.internal.MethodRunner.runInSequence(MethodRunner.java:46)
	at org.testng.internal.TestInvoker$MethodInvocationAgent.invoke(TestInvoker.java:804)
	at org.testng.internal.TestInvoker.invokeTestMethods(TestInvoker.java:145)
	at org.testng.internal.TestMethodWorker.invokeTestMethods(TestMethodWorker.java:146)
	at org.testng.internal.TestMethodWorker.run(TestMethodWorker.java:128)
	at java.util.ArrayList.forEach(ArrayList.java:1257)
	at org.testng.TestRunner.privateRun(TestRunner.java:770)
	at org.testng.TestRunner.run(TestRunner.java:591)
	at org.testng.SuiteRunner.runTest(SuiteRunner.java:402)
	at org.testng.SuiteRunner.runSequentially(SuiteRunner.java:396)
	at org.testng.SuiteRunner.privateRun(SuiteRunner.java:355)
	at org.testng.SuiteRunner.run(SuiteRunner.java:304)
	at org.testng.SuiteRunnerWorker.runSuite(SuiteRunnerWorker.java:53)
	at org.testng.SuiteRunnerWorker.run(SuiteRunnerWorker.java:96)
	at org.testng.TestNG.runSuitesSequentially(TestNG.java:1180)
	at org.testng.TestNG.runSuitesLocally(TestNG.java:1102)
	at org.testng.TestNG.runSuites(TestNG.java:1032)
	at org.testng.TestNG.run(TestNG.java:1000)
	at org.testng.remote.AbstractRemoteTestNG.run(AbstractRemoteTestNG.java:115)
	at org.testng.remote.RemoteTestNG.initAndRun(RemoteTestNG.java:251)
	at org.testng.remote.RemoteTestNG.main(RemoteTestNG.java:77)
</stack-trace>
            </failure>
            <steps/>
            <attachments/>
            <labels>
                <label name="testSuite" value="Default suite"/>
                <label name="testGroup" value="Default test"/>
                <label name="testClass" value="twc.Automation.SmokeTestCases.smokeTestCases"/>
                <label name="testMethod" value="Smoke_Test_CaseVerify_Radar_Maps_feedcard_adcall"/>
                <label name="host" value="Aswinikumars-MacBook-Pro.local"/>
                <label name="thread" value="7168@Aswinikumars-MacBook-Pro.local.main(1)"/>
            </labels>
        </test-case>
        <test-case start="1567363824852" stop="1567363824859" status="broken">
            <name>Smoke_Test_CaseVerify_Radar_Maps_deatailscard_adcall</name>
            <title>Verifying iu value for Radar&amp;Maps details card</title>
            <description></description>
            <failure>
                <message>NullPointerException: null</message>
                <stack-trace>java.lang.NullPointerException
	at twc.Automation.ReadDataFromFile.read_xml_data_into_buffer.read_xml_file_into_buffer_string(read_xml_data_into_buffer.java:47)
	at twc.Automation.General.Functions.finding_Radar_Map_card_iu_value(Functions.java:2358)
	at twc.Automation.SmokeTestCases.smokeTestCases.Smoke_Test_CaseVerify_Radar_Maps_deatailscard_adcall(smokeTestCases.java:695)
	at sun.reflect.NativeMethodAccessorImpl.invoke0(Native Method)
	at sun.reflect.NativeMethodAccessorImpl.invoke(NativeMethodAccessorImpl.java:62)
	at sun.reflect.DelegatingMethodAccessorImpl.invoke(DelegatingMethodAccessorImpl.java:43)
	at java.lang.reflect.Method.invoke(Method.java:498)
	at org.testng.internal.MethodInvocationHelper.invokeMethod(MethodInvocationHelper.java:133)
	at org.testng.internal.TestInvoker.invokeMethod(TestInvoker.java:584)
	at org.testng.internal.TestInvoker.invokeTestMethod(TestInvoker.java:172)
	at org.testng.internal.MethodRunner.runInSequence(MethodRunner.java:46)
	at org.testng.internal.TestInvoker$MethodInvocationAgent.invoke(TestInvoker.java:804)
	at org.testng.internal.TestInvoker.invokeTestMethods(TestInvoker.java:145)
	at org.testng.internal.TestMethodWorker.invokeTestMethods(TestMethodWorker.java:146)
	at org.testng.internal.TestMethodWorker.run(TestMethodWorker.java:128)
	at java.util.ArrayList.forEach(ArrayList.java:1257)
	at org.testng.TestRunner.privateRun(TestRunner.java:770)
	at org.testng.TestRunner.run(TestRunner.java:591)
	at org.testng.SuiteRunner.runTest(SuiteRunner.java:402)
	at org.testng.SuiteRunner.runSequentially(SuiteRunner.java:396)
	at org.testng.SuiteRunner.privateRun(SuiteRunner.java:355)
	at org.testng.SuiteRunner.run(SuiteRunner.java:304)
	at org.testng.SuiteRunnerWorker.runSuite(SuiteRunnerWorker.java:53)
	at org.testng.SuiteRunnerWorker.run(SuiteRunnerWorker.java:96)
	at org.testng.TestNG.runSuitesSequentially(TestNG.java:1180)
	at org.testng.TestNG.runSuitesLocally(TestNG.java:1102)
	at org.testng.TestNG.runSuites(TestNG.java:1032)
	at org.testng.TestNG.run(TestNG.java:1000)
	at org.testng.remote.AbstractRemoteTestNG.run(AbstractRemoteTestNG.java:115)
	at org.testng.remote.RemoteTestNG.initAndRun(RemoteTestNG.java:251)
	at org.testng.remote.RemoteTestNG.main(RemoteTestNG.java:77)
</stack-trace>
            </failure>
            <steps/>
            <attachments/>
            <labels>
                <label name="testSuite" value="Default suite"/>
                <label name="testGroup" value="Default test"/>
                <label name="testClass" value="twc.Automation.SmokeTestCases.smokeTestCases"/>
                <label name="testMethod" value="Smoke_Test_CaseVerify_Radar_Maps_deatailscard_adcall"/>
                <label name="host" value="Aswinikumars-MacBook-Pro.local"/>
                <label name="thread" value="7168@Aswinikumars-MacBook-Pro.local.main(1)"/>
            </labels>
        </test-case>
        <test-case start="1567363824860" stop="1567363824865" status="broken">
            <name>Smoke_Test_amazon_aax_today_deatailcard</name>
            <title>Verifying amazon aax for today details card</title>
            <description></description>
            <failure>
                <message>NullPointerException: null</message>
                <stack-trace>java.lang.NullPointerException
	at twc.Automation.ReadDataFromFile.read_xml_data_into_buffer.read_xml_file_into_buffer_string(read_xml_data_into_buffer.java:47)
	at twc.Automation.General.Functions.get_aaxcal_today_details(Functions.java:2839)
	at twc.Automation.SmokeTestCases.smokeTestCases.Smoke_Test_amazon_aax_today_deatailcard(smokeTestCases.java:713)
	at sun.reflect.NativeMethodAccessorImpl.invoke0(Native Method)
	at sun.reflect.NativeMethodAccessorImpl.invoke(NativeMethodAccessorImpl.java:62)
	at sun.reflect.DelegatingMethodAccessorImpl.invoke(DelegatingMethodAccessorImpl.java:43)
	at java.lang.reflect.Method.invoke(Method.java:498)
	at org.testng.internal.MethodInvocationHelper.invokeMethod(MethodInvocationHelper.java:133)
	at org.testng.internal.TestInvoker.invokeMethod(TestInvoker.java:584)
	at org.testng.internal.TestInvoker.invokeTestMethod(TestInvoker.java:172)
	at org.testng.internal.MethodRunner.runInSequence(MethodRunner.java:46)
	at org.testng.internal.TestInvoker$MethodInvocationAgent.invoke(TestInvoker.java:804)
	at org.testng.internal.TestInvoker.invokeTestMethods(TestInvoker.java:145)
	at org.testng.internal.TestMethodWorker.invokeTestMethods(TestMethodWorker.java:146)
	at org.testng.internal.TestMethodWorker.run(TestMethodWorker.java:128)
	at java.util.ArrayList.forEach(ArrayList.java:1257)
	at org.testng.TestRunner.privateRun(TestRunner.java:770)
	at org.testng.TestRunner.run(TestRunner.java:591)
	at org.testng.SuiteRunner.runTest(SuiteRunner.java:402)
	at org.testng.SuiteRunner.runSequentially(SuiteRunner.java:396)
	at org.testng.SuiteRunner.privateRun(SuiteRunner.java:355)
	at org.testng.SuiteRunner.run(SuiteRunner.java:304)
	at org.testng.SuiteRunnerWorker.runSuite(SuiteRunnerWorker.java:53)
	at org.testng.SuiteRunnerWorker.run(SuiteRunnerWorker.java:96)
	at org.testng.TestNG.runSuitesSequentially(TestNG.java:1180)
	at org.testng.TestNG.runSuitesLocally(TestNG.java:1102)
	at org.testng.TestNG.runSuites(TestNG.java:1032)
	at org.testng.TestNG.run(TestNG.java:1000)
	at org.testng.remote.AbstractRemoteTestNG.run(AbstractRemoteTestNG.java:115)
	at org.testng.remote.RemoteTestNG.initAndRun(RemoteTestNG.java:251)
	at org.testng.remote.RemoteTestNG.main(RemoteTestNG.java:77)
</stack-trace>
            </failure>
            <steps/>
            <attachments/>
            <labels>
                <label name="testSuite" value="Default suite"/>
                <label name="testGroup" value="Default test"/>
                <label name="testClass" value="twc.Automation.SmokeTestCases.smokeTestCases"/>
                <label name="testMethod" value="Smoke_Test_amazon_aax_today_deatailcard"/>
                <label name="host" value="Aswinikumars-MacBook-Pro.local"/>
                <label name="thread" value="7168@Aswinikumars-MacBook-Pro.local.main(1)"/>
            </labels>
        </test-case>
        <test-case start="1567363824866" stop="1567363824873" status="broken">
            <name>Smoke_Test_CaseVerify_Health_Activities_feed_adcall</name>
            <title>Verifying iu value Health&amp;Activities feed card </title>
            <description></description>
            <failure>
                <message>NullPointerException: null</message>
                <stack-trace>java.lang.NullPointerException
	at twc.Automation.ReadDataFromFile.read_xml_data_into_buffer.read_xml_file_into_buffer_string(read_xml_data_into_buffer.java:47)
	at twc.Automation.General.Functions.finding_H_C_adcalL_iu(Functions.java:2413)
	at twc.Automation.SmokeTestCases.smokeTestCases.Smoke_Test_CaseVerify_Health_Activities_feed_adcall(smokeTestCases.java:721)
	at sun.reflect.NativeMethodAccessorImpl.invoke0(Native Method)
	at sun.reflect.NativeMethodAccessorImpl.invoke(NativeMethodAccessorImpl.java:62)
	at sun.reflect.DelegatingMethodAccessorImpl.invoke(DelegatingMethodAccessorImpl.java:43)
	at java.lang.reflect.Method.invoke(Method.java:498)
	at org.testng.internal.MethodInvocationHelper.invokeMethod(MethodInvocationHelper.java:133)
	at org.testng.internal.TestInvoker.invokeMethod(TestInvoker.java:584)
	at org.testng.internal.TestInvoker.invokeTestMethod(TestInvoker.java:172)
	at org.testng.internal.MethodRunner.runInSequence(MethodRunner.java:46)
	at org.testng.internal.TestInvoker$MethodInvocationAgent.invoke(TestInvoker.java:804)
	at org.testng.internal.TestInvoker.invokeTestMethods(TestInvoker.java:145)
	at org.testng.internal.TestMethodWorker.invokeTestMethods(TestMethodWorker.java:146)
	at org.testng.internal.TestMethodWorker.run(TestMethodWorker.java:128)
	at java.util.ArrayList.forEach(ArrayList.java:1257)
	at org.testng.TestRunner.privateRun(TestRunner.java:770)
	at org.testng.TestRunner.run(TestRunner.java:591)
	at org.testng.SuiteRunner.runTest(SuiteRunner.java:402)
	at org.testng.SuiteRunner.runSequentially(SuiteRunner.java:396)
	at org.testng.SuiteRunner.privateRun(SuiteRunner.java:355)
	at org.testng.SuiteRunner.run(SuiteRunner.java:304)
	at org.testng.SuiteRunnerWorker.runSuite(SuiteRunnerWorker.java:53)
	at org.testng.SuiteRunnerWorker.run(SuiteRunnerWorker.java:96)
	at org.testng.TestNG.runSuitesSequentially(TestNG.java:1180)
	at org.testng.TestNG.runSuitesLocally(TestNG.java:1102)
	at org.testng.TestNG.runSuites(TestNG.java:1032)
	at org.testng.TestNG.run(TestNG.java:1000)
	at org.testng.remote.AbstractRemoteTestNG.run(AbstractRemoteTestNG.java:115)
	at org.testng.remote.RemoteTestNG.initAndRun(RemoteTestNG.java:251)
	at org.testng.remote.RemoteTestNG.main(RemoteTestNG.java:77)
</stack-trace>
            </failure>
            <steps/>
            <attachments/>
            <labels>
                <label name="testSuite" value="Default suite"/>
                <label name="testGroup" value="Default test"/>
                <label name="testClass" value="twc.Automation.SmokeTestCases.smokeTestCases"/>
                <label name="testMethod" value="Smoke_Test_CaseVerify_Health_Activities_feed_adcall"/>
                <label name="host" value="Aswinikumars-MacBook-Pro.local"/>
                <label name="thread" value="7168@Aswinikumars-MacBook-Pro.local.main(1)"/>
            </labels>
        </test-case>
        <test-case start="1567363824875" stop="1567363824882" status="broken">
            <name>Smoke_Test_Verify_health_and_activities_Running_spotlight_adcall_iu</name>
            <description></description>
            <failure>
                <message>NullPointerException: null</message>
                <stack-trace>java.lang.NullPointerException
	at twc.Automation.ReadDataFromFile.read_xml_data_into_buffer.read_xml_file_into_buffer_string(read_xml_data_into_buffer.java:47)
	at twc.Automation.General.Functions.health_and_activities_Running_spotlight_adcall_iu(Functions.java:2468)
	at twc.Automation.SmokeTestCases.smokeTestCases.Smoke_Test_Verify_health_and_activities_Running_spotlight_adcall_iu(smokeTestCases.java:728)
	at sun.reflect.NativeMethodAccessorImpl.invoke0(Native Method)
	at sun.reflect.NativeMethodAccessorImpl.invoke(NativeMethodAccessorImpl.java:62)
	at sun.reflect.DelegatingMethodAccessorImpl.invoke(DelegatingMethodAccessorImpl.java:43)
	at java.lang.reflect.Method.invoke(Method.java:498)
	at org.testng.internal.MethodInvocationHelper.invokeMethod(MethodInvocationHelper.java:133)
	at org.testng.internal.TestInvoker.invokeMethod(TestInvoker.java:584)
	at org.testng.internal.TestInvoker.invokeTestMethod(TestInvoker.java:172)
	at org.testng.internal.MethodRunner.runInSequence(MethodRunner.java:46)
	at org.testng.internal.TestInvoker$MethodInvocationAgent.invoke(TestInvoker.java:804)
	at org.testng.internal.TestInvoker.invokeTestMethods(TestInvoker.java:145)
	at org.testng.internal.TestMethodWorker.invokeTestMethods(TestMethodWorker.java:146)
	at org.testng.internal.TestMethodWorker.run(TestMethodWorker.java:128)
	at java.util.ArrayList.forEach(ArrayList.java:1257)
	at org.testng.TestRunner.privateRun(TestRunner.java:770)
	at org.testng.TestRunner.run(TestRunner.java:591)
	at org.testng.SuiteRunner.runTest(SuiteRunner.java:402)
	at org.testng.SuiteRunner.runSequentially(SuiteRunner.java:396)
	at org.testng.SuiteRunner.privateRun(SuiteRunner.java:355)
	at org.testng.SuiteRunner.run(SuiteRunner.java:304)
	at org.testng.SuiteRunnerWorker.runSuite(SuiteRunnerWorker.java:53)
	at org.testng.SuiteRunnerWorker.run(SuiteRunnerWorker.java:96)
	at org.testng.TestNG.runSuitesSequentially(TestNG.java:1180)
	at org.testng.TestNG.runSuitesLocally(TestNG.java:1102)
	at org.testng.TestNG.runSuites(TestNG.java:1032)
	at org.testng.TestNG.run(TestNG.java:1000)
	at org.testng.remote.AbstractRemoteTestNG.run(AbstractRemoteTestNG.java:115)
	at org.testng.remote.RemoteTestNG.initAndRun(RemoteTestNG.java:251)
	at org.testng.remote.RemoteTestNG.main(RemoteTestNG.java:77)
</stack-trace>
            </failure>
            <steps/>
            <attachments/>
            <labels>
                <label name="testSuite" value="Default suite"/>
                <label name="testGroup" value="Default test"/>
                <label name="testClass" value="twc.Automation.SmokeTestCases.smokeTestCases"/>
                <label name="testMethod" value="Smoke_Test_Verify_health_and_activities_Running_spotlight_adcall_iu"/>
                <label name="host" value="Aswinikumars-MacBook-Pro.local"/>
                <label name="thread" value="7168@Aswinikumars-MacBook-Pro.local.main(1)"/>
            </labels>
        </test-case>
        <test-case start="1567363824883" stop="1567363824891" status="broken">
            <name>Smoke_Test_Verify_health_and_activities_Bot_beach_detailpage_adcall_iu</name>
            <title>Verifying iu value for health and activities Bot&amp;beach Spotlight ad call iu</title>
            <description></description>
            <failure>
                <message>NullPointerException: null</message>
                <stack-trace>java.lang.NullPointerException
	at twc.Automation.ReadDataFromFile.read_xml_data_into_buffer.read_xml_file_into_buffer_string(read_xml_data_into_buffer.java:47)
	at twc.Automation.General.Functions.health_and_activities_Boat_beach_detailpage_adcall_iu(Functions.java:2503)
	at twc.Automation.SmokeTestCases.smokeTestCases.Smoke_Test_Verify_health_and_activities_Bot_beach_detailpage_adcall_iu(smokeTestCases.java:736)
	at sun.reflect.NativeMethodAccessorImpl.invoke0(Native Method)
	at sun.reflect.NativeMethodAccessorImpl.invoke(NativeMethodAccessorImpl.java:62)
	at sun.reflect.DelegatingMethodAccessorImpl.invoke(DelegatingMethodAccessorImpl.java:43)
	at java.lang.reflect.Method.invoke(Method.java:498)
	at org.testng.internal.MethodInvocationHelper.invokeMethod(MethodInvocationHelper.java:133)
	at org.testng.internal.TestInvoker.invokeMethod(TestInvoker.java:584)
	at org.testng.internal.TestInvoker.invokeTestMethod(TestInvoker.java:172)
	at org.testng.internal.MethodRunner.runInSequence(MethodRunner.java:46)
	at org.testng.internal.TestInvoker$MethodInvocationAgent.invoke(TestInvoker.java:804)
	at org.testng.internal.TestInvoker.invokeTestMethods(TestInvoker.java:145)
	at org.testng.internal.TestMethodWorker.invokeTestMethods(TestMethodWorker.java:146)
	at org.testng.internal.TestMethodWorker.run(TestMethodWorker.java:128)
	at java.util.ArrayList.forEach(ArrayList.java:1257)
	at org.testng.TestRunner.privateRun(TestRunner.java:770)
	at org.testng.TestRunner.run(TestRunner.java:591)
	at org.testng.SuiteRunner.runTest(SuiteRunner.java:402)
	at org.testng.SuiteRunner.runSequentially(SuiteRunner.java:396)
	at org.testng.SuiteRunner.privateRun(SuiteRunner.java:355)
	at org.testng.SuiteRunner.run(SuiteRunner.java:304)
	at org.testng.SuiteRunnerWorker.runSuite(SuiteRunnerWorker.java:53)
	at org.testng.SuiteRunnerWorker.run(SuiteRunnerWorker.java:96)
	at org.testng.TestNG.runSuitesSequentially(TestNG.java:1180)
	at org.testng.TestNG.runSuitesLocally(TestNG.java:1102)
	at org.testng.TestNG.runSuites(TestNG.java:1032)
	at org.testng.TestNG.run(TestNG.java:1000)
	at org.testng.remote.AbstractRemoteTestNG.run(AbstractRemoteTestNG.java:115)
	at org.testng.remote.RemoteTestNG.initAndRun(RemoteTestNG.java:251)
	at org.testng.remote.RemoteTestNG.main(RemoteTestNG.java:77)
</stack-trace>
            </failure>
            <steps/>
            <attachments/>
            <labels>
                <label name="testSuite" value="Default suite"/>
                <label name="testGroup" value="Default test"/>
                <label name="testClass" value="twc.Automation.SmokeTestCases.smokeTestCases"/>
                <label name="testMethod" value="Smoke_Test_Verify_health_and_activities_Bot_beach_detailpage_adcall_iu"/>
                <label name="host" value="Aswinikumars-MacBook-Pro.local"/>
                <label name="thread" value="7168@Aswinikumars-MacBook-Pro.local.main(1)"/>
            </labels>
        </test-case>
        <test-case start="1567363824892" stop="1567363824899" status="broken">
            <name>Smoke_Test_Verify_health_and_activities_Allergy_detailpage_adcall_iu</name>
            <title>Verifying iu value for health and activities Allergy Spot light ad call iu</title>
            <description></description>
            <failure>
                <message>NullPointerException: null</message>
                <stack-trace>java.lang.NullPointerException
	at twc.Automation.ReadDataFromFile.read_xml_data_into_buffer.read_xml_file_into_buffer_string(read_xml_data_into_buffer.java:47)
	at twc.Automation.General.Functions.health_and_activities_Allergy_detailpage_adcall_iu(Functions.java:2521)
	at twc.Automation.SmokeTestCases.smokeTestCases.Smoke_Test_Verify_health_and_activities_Allergy_detailpage_adcall_iu(smokeTestCases.java:744)
	at sun.reflect.NativeMethodAccessorImpl.invoke0(Native Method)
	at sun.reflect.NativeMethodAccessorImpl.invoke(NativeMethodAccessorImpl.java:62)
	at sun.reflect.DelegatingMethodAccessorImpl.invoke(DelegatingMethodAccessorImpl.java:43)
	at java.lang.reflect.Method.invoke(Method.java:498)
	at org.testng.internal.MethodInvocationHelper.invokeMethod(MethodInvocationHelper.java:133)
	at org.testng.internal.TestInvoker.invokeMethod(TestInvoker.java:584)
	at org.testng.internal.TestInvoker.invokeTestMethod(TestInvoker.java:172)
	at org.testng.internal.MethodRunner.runInSequence(MethodRunner.java:46)
	at org.testng.internal.TestInvoker$MethodInvocationAgent.invoke(TestInvoker.java:804)
	at org.testng.internal.TestInvoker.invokeTestMethods(TestInvoker.java:145)
	at org.testng.internal.TestMethodWorker.invokeTestMethods(TestMethodWorker.java:146)
	at org.testng.internal.TestMethodWorker.run(TestMethodWorker.java:128)
	at java.util.ArrayList.forEach(ArrayList.java:1257)
	at org.testng.TestRunner.privateRun(TestRunner.java:770)
	at org.testng.TestRunner.run(TestRunner.java:591)
	at org.testng.SuiteRunner.runTest(SuiteRunner.java:402)
	at org.testng.SuiteRunner.runSequentially(SuiteRunner.java:396)
	at org.testng.SuiteRunner.privateRun(SuiteRunner.java:355)
	at org.testng.SuiteRunner.run(SuiteRunner.java:304)
	at org.testng.SuiteRunnerWorker.runSuite(SuiteRunnerWorker.java:53)
	at org.testng.SuiteRunnerWorker.run(SuiteRunnerWorker.java:96)
	at org.testng.TestNG.runSuitesSequentially(TestNG.java:1180)
	at org.testng.TestNG.runSuitesLocally(TestNG.java:1102)
	at org.testng.TestNG.runSuites(TestNG.java:1032)
	at org.testng.TestNG.run(TestNG.java:1000)
	at org.testng.remote.AbstractRemoteTestNG.run(AbstractRemoteTestNG.java:115)
	at org.testng.remote.RemoteTestNG.initAndRun(RemoteTestNG.java:251)
	at org.testng.remote.RemoteTestNG.main(RemoteTestNG.java:77)
</stack-trace>
            </failure>
            <steps/>
            <attachments/>
            <labels>
                <label name="testSuite" value="Default suite"/>
                <label name="testGroup" value="Default test"/>
                <label name="testClass" value="twc.Automation.SmokeTestCases.smokeTestCases"/>
                <label name="testMethod" value="Smoke_Test_Verify_health_and_activities_Allergy_detailpage_adcall_iu"/>
                <label name="host" value="Aswinikumars-MacBook-Pro.local"/>
                <label name="thread" value="7168@Aswinikumars-MacBook-Pro.local.main(1)"/>
            </labels>
        </test-case>
        <test-case start="1567363824900" stop="1567363824906" status="broken">
            <name>Smoke_Test_Verify_health_and_activities_cold_flu_Spotlight_adcall_iu</name>
            <title>Verifying iu value for health and activities cold&amp;Flu Spotlight ad call iu</title>
            <description></description>
            <failure>
                <message>NullPointerException: null</message>
                <stack-trace>java.lang.NullPointerException
	at twc.Automation.ReadDataFromFile.read_xml_data_into_buffer.read_xml_file_into_buffer_string(read_xml_data_into_buffer.java:47)
	at twc.Automation.General.Functions.health_and_activities_Cold_Flu_detailpage_adcall_iu(Functions.java:2539)
	at twc.Automation.SmokeTestCases.smokeTestCases.Smoke_Test_Verify_health_and_activities_cold_flu_Spotlight_adcall_iu(smokeTestCases.java:752)
	at sun.reflect.NativeMethodAccessorImpl.invoke0(Native Method)
	at sun.reflect.NativeMethodAccessorImpl.invoke(NativeMethodAccessorImpl.java:62)
	at sun.reflect.DelegatingMethodAccessorImpl.invoke(DelegatingMethodAccessorImpl.java:43)
	at java.lang.reflect.Method.invoke(Method.java:498)
	at org.testng.internal.MethodInvocationHelper.invokeMethod(MethodInvocationHelper.java:133)
	at org.testng.internal.TestInvoker.invokeMethod(TestInvoker.java:584)
	at org.testng.internal.TestInvoker.invokeTestMethod(TestInvoker.java:172)
	at org.testng.internal.MethodRunner.runInSequence(MethodRunner.java:46)
	at org.testng.internal.TestInvoker$MethodInvocationAgent.invoke(TestInvoker.java:804)
	at org.testng.internal.TestInvoker.invokeTestMethods(TestInvoker.java:145)
	at org.testng.internal.TestMethodWorker.invokeTestMethods(TestMethodWorker.java:146)
	at org.testng.internal.TestMethodWorker.run(TestMethodWorker.java:128)
	at java.util.ArrayList.forEach(ArrayList.java:1257)
	at org.testng.TestRunner.privateRun(TestRunner.java:770)
	at org.testng.TestRunner.run(TestRunner.java:591)
	at org.testng.SuiteRunner.runTest(SuiteRunner.java:402)
	at org.testng.SuiteRunner.runSequentially(SuiteRunner.java:396)
	at org.testng.SuiteRunner.privateRun(SuiteRunner.java:355)
	at org.testng.SuiteRunner.run(SuiteRunner.java:304)
	at org.testng.SuiteRunnerWorker.runSuite(SuiteRunnerWorker.java:53)
	at org.testng.SuiteRunnerWorker.run(SuiteRunnerWorker.java:96)
	at org.testng.TestNG.runSuitesSequentially(TestNG.java:1180)
	at org.testng.TestNG.runSuitesLocally(TestNG.java:1102)
	at org.testng.TestNG.runSuites(TestNG.java:1032)
	at org.testng.TestNG.run(TestNG.java:1000)
	at org.testng.remote.AbstractRemoteTestNG.run(AbstractRemoteTestNG.java:115)
	at org.testng.remote.RemoteTestNG.initAndRun(RemoteTestNG.java:251)
	at org.testng.remote.RemoteTestNG.main(RemoteTestNG.java:77)
</stack-trace>
            </failure>
            <steps/>
            <attachments/>
            <labels>
                <label name="testSuite" value="Default suite"/>
                <label name="testGroup" value="Default test"/>
                <label name="testClass" value="twc.Automation.SmokeTestCases.smokeTestCases"/>
                <label name="testMethod" value="Smoke_Test_Verify_health_and_activities_cold_flu_Spotlight_adcall_iu"/>
                <label name="host" value="Aswinikumars-MacBook-Pro.local"/>
                <label name="thread" value="7168@Aswinikumars-MacBook-Pro.local.main(1)"/>
            </labels>
        </test-case>
        <test-case start="1567363824907" stop="1567363824911" status="broken">
            <name>Smoke_Test_Verify_amazon_aax_Running_Bigbanner_ad</name>
            <title>Verifying amazon axx slot for Running Bigbanner ad</title>
            <description></description>
            <failure>
                <message>NullPointerException: null</message>
                <stack-trace>java.lang.NullPointerException
	at twc.Automation.ReadDataFromFile.read_xml_data_into_buffer.read_xml_file_into_buffer_string(read_xml_data_into_buffer.java:47)
	at twc.Automation.General.Functions.get_aaxcal_Running_Bigbanner(Functions.java:2960)
	at twc.Automation.SmokeTestCases.smokeTestCases.Smoke_Test_Verify_amazon_aax_Running_Bigbanner_ad(smokeTestCases.java:776)
	at sun.reflect.NativeMethodAccessorImpl.invoke0(Native Method)
	at sun.reflect.NativeMethodAccessorImpl.invoke(NativeMethodAccessorImpl.java:62)
	at sun.reflect.DelegatingMethodAccessorImpl.invoke(DelegatingMethodAccessorImpl.java:43)
	at java.lang.reflect.Method.invoke(Method.java:498)
	at org.testng.internal.MethodInvocationHelper.invokeMethod(MethodInvocationHelper.java:133)
	at org.testng.internal.TestInvoker.invokeMethod(TestInvoker.java:584)
	at org.testng.internal.TestInvoker.invokeTestMethod(TestInvoker.java:172)
	at org.testng.internal.MethodRunner.runInSequence(MethodRunner.java:46)
	at org.testng.internal.TestInvoker$MethodInvocationAgent.invoke(TestInvoker.java:804)
	at org.testng.internal.TestInvoker.invokeTestMethods(TestInvoker.java:145)
	at org.testng.internal.TestMethodWorker.invokeTestMethods(TestMethodWorker.java:146)
	at org.testng.internal.TestMethodWorker.run(TestMethodWorker.java:128)
	at java.util.ArrayList.forEach(ArrayList.java:1257)
	at org.testng.TestRunner.privateRun(TestRunner.java:770)
	at org.testng.TestRunner.run(TestRunner.java:591)
	at org.testng.SuiteRunner.runTest(SuiteRunner.java:402)
	at org.testng.SuiteRunner.runSequentially(SuiteRunner.java:396)
	at org.testng.SuiteRunner.privateRun(SuiteRunner.java:355)
	at org.testng.SuiteRunner.run(SuiteRunner.java:304)
	at org.testng.SuiteRunnerWorker.runSuite(SuiteRunnerWorker.java:53)
	at org.testng.SuiteRunnerWorker.run(SuiteRunnerWorker.java:96)
	at org.testng.TestNG.runSuitesSequentially(TestNG.java:1180)
	at org.testng.TestNG.runSuitesLocally(TestNG.java:1102)
	at org.testng.TestNG.runSuites(TestNG.java:1032)
	at org.testng.TestNG.run(TestNG.java:1000)
	at org.testng.remote.AbstractRemoteTestNG.run(AbstractRemoteTestNG.java:115)
	at org.testng.remote.RemoteTestNG.initAndRun(RemoteTestNG.java:251)
	at org.testng.remote.RemoteTestNG.main(RemoteTestNG.java:77)
</stack-trace>
            </failure>
            <steps/>
            <attachments/>
            <labels>
                <label name="testSuite" value="Default suite"/>
                <label name="testGroup" value="Default test"/>
                <label name="testClass" value="twc.Automation.SmokeTestCases.smokeTestCases"/>
                <label name="testMethod" value="Smoke_Test_Verify_amazon_aax_Running_Bigbanner_ad"/>
                <label name="host" value="Aswinikumars-MacBook-Pro.local"/>
                <label name="thread" value="7168@Aswinikumars-MacBook-Pro.local.main(1)"/>
            </labels>
        </test-case>
        <test-case start="1567363824913" stop="1567363824919" status="broken">
            <name>Smoke_Test_CaseVerify_seasonalhub_feed_adcall</name>
            <title>Verifying iu value seasonal hub  feed card </title>
            <description></description>
            <failure>
                <message>NullPointerException: null</message>
                <stack-trace>java.lang.NullPointerException
	at twc.Automation.ReadDataFromFile.read_xml_data_into_buffer.read_xml_file_into_buffer_string(read_xml_data_into_buffer.java:47)
	at twc.Automation.General.Functions.finding_Seasonalhub_adcalL_iu(Functions.java:2432)
	at twc.Automation.SmokeTestCases.smokeTestCases.Smoke_Test_CaseVerify_seasonalhub_feed_adcall(smokeTestCases.java:792)
	at sun.reflect.NativeMethodAccessorImpl.invoke0(Native Method)
	at sun.reflect.NativeMethodAccessorImpl.invoke(NativeMethodAccessorImpl.java:62)
	at sun.reflect.DelegatingMethodAccessorImpl.invoke(DelegatingMethodAccessorImpl.java:43)
	at java.lang.reflect.Method.invoke(Method.java:498)
	at org.testng.internal.MethodInvocationHelper.invokeMethod(MethodInvocationHelper.java:133)
	at org.testng.internal.TestInvoker.invokeMethod(TestInvoker.java:584)
	at org.testng.internal.TestInvoker.invokeTestMethod(TestInvoker.java:172)
	at org.testng.internal.MethodRunner.runInSequence(MethodRunner.java:46)
	at org.testng.internal.TestInvoker$MethodInvocationAgent.invoke(TestInvoker.java:804)
	at org.testng.internal.TestInvoker.invokeTestMethods(TestInvoker.java:145)
	at org.testng.internal.TestMethodWorker.invokeTestMethods(TestMethodWorker.java:146)
	at org.testng.internal.TestMethodWorker.run(TestMethodWorker.java:128)
	at java.util.ArrayList.forEach(ArrayList.java:1257)
	at org.testng.TestRunner.privateRun(TestRunner.java:770)
	at org.testng.TestRunner.run(TestRunner.java:591)
	at org.testng.SuiteRunner.runTest(SuiteRunner.java:402)
	at org.testng.SuiteRunner.runSequentially(SuiteRunner.java:396)
	at org.testng.SuiteRunner.privateRun(SuiteRunner.java:355)
	at org.testng.SuiteRunner.run(SuiteRunner.java:304)
	at org.testng.SuiteRunnerWorker.runSuite(SuiteRunnerWorker.java:53)
	at org.testng.SuiteRunnerWorker.run(SuiteRunnerWorker.java:96)
	at org.testng.TestNG.runSuitesSequentially(TestNG.java:1180)
	at org.testng.TestNG.runSuitesLocally(TestNG.java:1102)
	at org.testng.TestNG.runSuites(TestNG.java:1032)
	at org.testng.TestNG.run(TestNG.java:1000)
	at org.testng.remote.AbstractRemoteTestNG.run(AbstractRemoteTestNG.java:115)
	at org.testng.remote.RemoteTestNG.initAndRun(RemoteTestNG.java:251)
	at org.testng.remote.RemoteTestNG.main(RemoteTestNG.java:77)
</stack-trace>
            </failure>
            <steps/>
            <attachments/>
            <labels>
                <label name="testSuite" value="Default suite"/>
                <label name="testGroup" value="Default test"/>
                <label name="testClass" value="twc.Automation.SmokeTestCases.smokeTestCases"/>
                <label name="testMethod" value="Smoke_Test_CaseVerify_seasonalhub_feed_adcall"/>
                <label name="host" value="Aswinikumars-MacBook-Pro.local"/>
                <label name="thread" value="7168@Aswinikumars-MacBook-Pro.local.main(1)"/>
            </labels>
        </test-case>
        <test-case start="1567363824920" stop="1567363824927" status="broken">
            <name>Smoke_Test_Verify_health_and_activities_Air_Quality_detailpage_adcall_iu</name>
            <title>Verifying iu value for  Air Quality detailpage ad call iu</title>
            <description></description>
            <failure>
                <message>NullPointerException: null</message>
                <stack-trace>java.lang.NullPointerException
	at twc.Automation.ReadDataFromFile.read_xml_data_into_buffer.read_xml_file_into_buffer_string(read_xml_data_into_buffer.java:47)
	at twc.Automation.General.Functions.health_and_activities_AirQuality_detailpage_adcall_iu(Functions.java:2556)
	at twc.Automation.SmokeTestCases.smokeTestCases.Smoke_Test_Verify_health_and_activities_Air_Quality_detailpage_adcall_iu(smokeTestCases.java:800)
	at sun.reflect.NativeMethodAccessorImpl.invoke0(Native Method)
	at sun.reflect.NativeMethodAccessorImpl.invoke(NativeMethodAccessorImpl.java:62)
	at sun.reflect.DelegatingMethodAccessorImpl.invoke(DelegatingMethodAccessorImpl.java:43)
	at java.lang.reflect.Method.invoke(Method.java:498)
	at org.testng.internal.MethodInvocationHelper.invokeMethod(MethodInvocationHelper.java:133)
	at org.testng.internal.TestInvoker.invokeMethod(TestInvoker.java:584)
	at org.testng.internal.TestInvoker.invokeTestMethod(TestInvoker.java:172)
	at org.testng.internal.MethodRunner.runInSequence(MethodRunner.java:46)
	at org.testng.internal.TestInvoker$MethodInvocationAgent.invoke(TestInvoker.java:804)
	at org.testng.internal.TestInvoker.invokeTestMethods(TestInvoker.java:145)
	at org.testng.internal.TestMethodWorker.invokeTestMethods(TestMethodWorker.java:146)
	at org.testng.internal.TestMethodWorker.run(TestMethodWorker.java:128)
	at java.util.ArrayList.forEach(ArrayList.java:1257)
	at org.testng.TestRunner.privateRun(TestRunner.java:770)
	at org.testng.TestRunner.run(TestRunner.java:591)
	at org.testng.SuiteRunner.runTest(SuiteRunner.java:402)
	at org.testng.SuiteRunner.runSequentially(SuiteRunner.java:396)
	at org.testng.SuiteRunner.privateRun(SuiteRunner.java:355)
	at org.testng.SuiteRunner.run(SuiteRunner.java:304)
	at org.testng.SuiteRunnerWorker.runSuite(SuiteRunnerWorker.java:53)
	at org.testng.SuiteRunnerWorker.run(SuiteRunnerWorker.java:96)
	at org.testng.TestNG.runSuitesSequentially(TestNG.java:1180)
	at org.testng.TestNG.runSuitesLocally(TestNG.java:1102)
	at org.testng.TestNG.runSuites(TestNG.java:1032)
	at org.testng.TestNG.run(TestNG.java:1000)
	at org.testng.remote.AbstractRemoteTestNG.run(AbstractRemoteTestNG.java:115)
	at org.testng.remote.RemoteTestNG.initAndRun(RemoteTestNG.java:251)
	at org.testng.remote.RemoteTestNG.main(RemoteTestNG.java:77)
</stack-trace>
            </failure>
            <steps/>
            <attachments/>
            <labels>
                <label name="testSuite" value="Default suite"/>
                <label name="testGroup" value="Default test"/>
                <label name="testClass" value="twc.Automation.SmokeTestCases.smokeTestCases"/>
                <label name="testMethod" value="Smoke_Test_Verify_health_and_activities_Air_Quality_detailpage_adcall_iu"/>
                <label name="host" value="Aswinikumars-MacBook-Pro.local"/>
                <label name="thread" value="7168@Aswinikumars-MacBook-Pro.local.main(1)"/>
            </labels>
        </test-case>
        <test-case start="1567363824928" stop="1567363824934" status="broken">
            <name>Smoke_Test_Verify_News_detailpage_adcall_iu</name>
            <title>Verifying iu value for news detailpage ad call iu</title>
            <description></description>
            <failure>
                <message>NullPointerException: null</message>
                <stack-trace>java.lang.NullPointerException
	at twc.Automation.ReadDataFromFile.read_xml_data_into_buffer.read_xml_file_into_buffer_string(read_xml_data_into_buffer.java:47)
	at twc.Automation.General.Functions.Verify_News_detailpage_adcall_iu(Functions.java:2590)
	at twc.Automation.SmokeTestCases.smokeTestCases.Smoke_Test_Verify_News_detailpage_adcall_iu(smokeTestCases.java:816)
	at sun.reflect.NativeMethodAccessorImpl.invoke0(Native Method)
	at sun.reflect.NativeMethodAccessorImpl.invoke(NativeMethodAccessorImpl.java:62)
	at sun.reflect.DelegatingMethodAccessorImpl.invoke(DelegatingMethodAccessorImpl.java:43)
	at java.lang.reflect.Method.invoke(Method.java:498)
	at org.testng.internal.MethodInvocationHelper.invokeMethod(MethodInvocationHelper.java:133)
	at org.testng.internal.TestInvoker.invokeMethod(TestInvoker.java:584)
	at org.testng.internal.TestInvoker.invokeTestMethod(TestInvoker.java:172)
	at org.testng.internal.MethodRunner.runInSequence(MethodRunner.java:46)
	at org.testng.internal.TestInvoker$MethodInvocationAgent.invoke(TestInvoker.java:804)
	at org.testng.internal.TestInvoker.invokeTestMethods(TestInvoker.java:145)
	at org.testng.internal.TestMethodWorker.invokeTestMethods(TestMethodWorker.java:146)
	at org.testng.internal.TestMethodWorker.run(TestMethodWorker.java:128)
	at java.util.ArrayList.forEach(ArrayList.java:1257)
	at org.testng.TestRunner.privateRun(TestRunner.java:770)
	at org.testng.TestRunner.run(TestRunner.java:591)
	at org.testng.SuiteRunner.runTest(SuiteRunner.java:402)
	at org.testng.SuiteRunner.runSequentially(SuiteRunner.java:396)
	at org.testng.SuiteRunner.privateRun(SuiteRunner.java:355)
	at org.testng.SuiteRunner.run(SuiteRunner.java:304)
	at org.testng.SuiteRunnerWorker.runSuite(SuiteRunnerWorker.java:53)
	at org.testng.SuiteRunnerWorker.run(SuiteRunnerWorker.java:96)
	at org.testng.TestNG.runSuitesSequentially(TestNG.java:1180)
	at org.testng.TestNG.runSuitesLocally(TestNG.java:1102)
	at org.testng.TestNG.runSuites(TestNG.java:1032)
	at org.testng.TestNG.run(TestNG.java:1000)
	at org.testng.remote.AbstractRemoteTestNG.run(AbstractRemoteTestNG.java:115)
	at org.testng.remote.RemoteTestNG.initAndRun(RemoteTestNG.java:251)
	at org.testng.remote.RemoteTestNG.main(RemoteTestNG.java:77)
</stack-trace>
            </failure>
            <steps/>
            <attachments/>
            <labels>
                <label name="testSuite" value="Default suite"/>
                <label name="testGroup" value="Default test"/>
                <label name="testClass" value="twc.Automation.SmokeTestCases.smokeTestCases"/>
                <label name="testMethod" value="Smoke_Test_Verify_News_detailpage_adcall_iu"/>
                <label name="host" value="Aswinikumars-MacBook-Pro.local"/>
                <label name="thread" value="7168@Aswinikumars-MacBook-Pro.local.main(1)"/>
            </labels>
        </test-case>
        <test-case start="1567363824936" stop="1567363824942" status="broken">
            <name>Smoke_Test_Verify_News_hurricane_detail_adcall_iu</name>
            <title>Verifying iu value for news detailpage ad call iu</title>
            <description></description>
            <failure>
                <message>NullPointerException: null</message>
                <stack-trace>java.lang.NullPointerException
	at twc.Automation.ReadDataFromFile.read_xml_data_into_buffer.read_xml_file_into_buffer_string(read_xml_data_into_buffer.java:47)
	at twc.Automation.General.Functions.Verify_Hurricane_detailpage_adcall_iu(Functions.java:2573)
	at twc.Automation.SmokeTestCases.smokeTestCases.Smoke_Test_Verify_News_hurricane_detail_adcall_iu(smokeTestCases.java:824)
	at sun.reflect.NativeMethodAccessorImpl.invoke0(Native Method)
	at sun.reflect.NativeMethodAccessorImpl.invoke(NativeMethodAccessorImpl.java:62)
	at sun.reflect.DelegatingMethodAccessorImpl.invoke(DelegatingMethodAccessorImpl.java:43)
	at java.lang.reflect.Method.invoke(Method.java:498)
	at org.testng.internal.MethodInvocationHelper.invokeMethod(MethodInvocationHelper.java:133)
	at org.testng.internal.TestInvoker.invokeMethod(TestInvoker.java:584)
	at org.testng.internal.TestInvoker.invokeTestMethod(TestInvoker.java:172)
	at org.testng.internal.MethodRunner.runInSequence(MethodRunner.java:46)
	at org.testng.internal.TestInvoker$MethodInvocationAgent.invoke(TestInvoker.java:804)
	at org.testng.internal.TestInvoker.invokeTestMethods(TestInvoker.java:145)
	at org.testng.internal.TestMethodWorker.invokeTestMethods(TestMethodWorker.java:146)
	at org.testng.internal.TestMethodWorker.run(TestMethodWorker.java:128)
	at java.util.ArrayList.forEach(ArrayList.java:1257)
	at org.testng.TestRunner.privateRun(TestRunner.java:770)
	at org.testng.TestRunner.run(TestRunner.java:591)
	at org.testng.SuiteRunner.runTest(SuiteRunner.java:402)
	at org.testng.SuiteRunner.runSequentially(SuiteRunner.java:396)
	at org.testng.SuiteRunner.privateRun(SuiteRunner.java:355)
	at org.testng.SuiteRunner.run(SuiteRunner.java:304)
	at org.testng.SuiteRunnerWorker.runSuite(SuiteRunnerWorker.java:53)
	at org.testng.SuiteRunnerWorker.run(SuiteRunnerWorker.java:96)
	at org.testng.TestNG.runSuitesSequentially(TestNG.java:1180)
	at org.testng.TestNG.runSuitesLocally(TestNG.java:1102)
	at org.testng.TestNG.runSuites(TestNG.java:1032)
	at org.testng.TestNG.run(TestNG.java:1000)
	at org.testng.remote.AbstractRemoteTestNG.run(AbstractRemoteTestNG.java:115)
	at org.testng.remote.RemoteTestNG.initAndRun(RemoteTestNG.java:251)
	at org.testng.remote.RemoteTestNG.main(RemoteTestNG.java:77)
</stack-trace>
            </failure>
            <steps/>
            <attachments/>
            <labels>
                <label name="testSuite" value="Default suite"/>
                <label name="testGroup" value="Default test"/>
                <label name="testClass" value="twc.Automation.SmokeTestCases.smokeTestCases"/>
                <label name="testMethod" value="Smoke_Test_Verify_News_hurricane_detail_adcall_iu"/>
                <label name="host" value="Aswinikumars-MacBook-Pro.local"/>
                <label name="thread" value="7168@Aswinikumars-MacBook-Pro.local.main(1)"/>
            </labels>
        </test-case>
        <test-case start="1567363824943" stop="1567363824950" status="broken">
            <name>Smoke_Test_Verify_daily_card_adcall_iu</name>
            <title>Verifying iu value for daily card ad call iu</title>
            <description></description>
            <failure>
                <message>NullPointerException: null</message>
                <stack-trace>java.lang.NullPointerException
	at twc.Automation.ReadDataFromFile.read_xml_data_into_buffer.read_xml_file_into_buffer_string(read_xml_data_into_buffer.java:47)
	at twc.Automation.General.Functions.Verify_dailycard_iu(Functions.java:2625)
	at twc.Automation.SmokeTestCases.smokeTestCases.Smoke_Test_Verify_daily_card_adcall_iu(smokeTestCases.java:840)
	at sun.reflect.NativeMethodAccessorImpl.invoke0(Native Method)
	at sun.reflect.NativeMethodAccessorImpl.invoke(NativeMethodAccessorImpl.java:62)
	at sun.reflect.DelegatingMethodAccessorImpl.invoke(DelegatingMethodAccessorImpl.java:43)
	at java.lang.reflect.Method.invoke(Method.java:498)
	at org.testng.internal.MethodInvocationHelper.invokeMethod(MethodInvocationHelper.java:133)
	at org.testng.internal.TestInvoker.invokeMethod(TestInvoker.java:584)
	at org.testng.internal.TestInvoker.invokeTestMethod(TestInvoker.java:172)
	at org.testng.internal.MethodRunner.runInSequence(MethodRunner.java:46)
	at org.testng.internal.TestInvoker$MethodInvocationAgent.invoke(TestInvoker.java:804)
	at org.testng.internal.TestInvoker.invokeTestMethods(TestInvoker.java:145)
	at org.testng.internal.TestMethodWorker.invokeTestMethods(TestMethodWorker.java:146)
	at org.testng.internal.TestMethodWorker.run(TestMethodWorker.java:128)
	at java.util.ArrayList.forEach(ArrayList.java:1257)
	at org.testng.TestRunner.privateRun(TestRunner.java:770)
	at org.testng.TestRunner.run(TestRunner.java:591)
	at org.testng.SuiteRunner.runTest(SuiteRunner.java:402)
	at org.testng.SuiteRunner.runSequentially(SuiteRunner.java:396)
	at org.testng.SuiteRunner.privateRun(SuiteRunner.java:355)
	at org.testng.SuiteRunner.run(SuiteRunner.java:304)
	at org.testng.SuiteRunnerWorker.runSuite(SuiteRunnerWorker.java:53)
	at org.testng.SuiteRunnerWorker.run(SuiteRunnerWorker.java:96)
	at org.testng.TestNG.runSuitesSequentially(TestNG.java:1180)
	at org.testng.TestNG.runSuitesLocally(TestNG.java:1102)
	at org.testng.TestNG.runSuites(TestNG.java:1032)
	at org.testng.TestNG.run(TestNG.java:1000)
	at org.testng.remote.AbstractRemoteTestNG.run(AbstractRemoteTestNG.java:115)
	at org.testng.remote.RemoteTestNG.initAndRun(RemoteTestNG.java:251)
	at org.testng.remote.RemoteTestNG.main(RemoteTestNG.java:77)
</stack-trace>
            </failure>
            <steps/>
            <attachments/>
            <labels>
                <label name="testSuite" value="Default suite"/>
                <label name="testGroup" value="Default test"/>
                <label name="testClass" value="twc.Automation.SmokeTestCases.smokeTestCases"/>
                <label name="testMethod" value="Smoke_Test_Verify_daily_card_adcall_iu"/>
                <label name="host" value="Aswinikumars-MacBook-Pro.local"/>
                <label name="thread" value="7168@Aswinikumars-MacBook-Pro.local.main(1)"/>
            </labels>
        </test-case>
        <test-case start="1567363824952" stop="1567363824956" status="broken">
            <name>Smoke_Test_CaseVerify_AQ_aax_amazon_adcalll</name>
            <title>Verifying AQ aax call</title>
            <description></description>
            <failure>
                <message>NullPointerException: null</message>
                <stack-trace>java.lang.NullPointerException
	at twc.Automation.ReadDataFromFile.read_xml_data_into_buffer.read_xml_file_into_buffer_string(read_xml_data_into_buffer.java:47)
	at twc.Automation.General.Functions.get_aaxcal_AQ(Functions.java:2919)
	at twc.Automation.SmokeTestCases.smokeTestCases.Smoke_Test_CaseVerify_AQ_aax_amazon_adcalll(smokeTestCases.java:849)
	at sun.reflect.NativeMethodAccessorImpl.invoke0(Native Method)
	at sun.reflect.NativeMethodAccessorImpl.invoke(NativeMethodAccessorImpl.java:62)
	at sun.reflect.DelegatingMethodAccessorImpl.invoke(DelegatingMethodAccessorImpl.java:43)
	at java.lang.reflect.Method.invoke(Method.java:498)
	at org.testng.internal.MethodInvocationHelper.invokeMethod(MethodInvocationHelper.java:133)
	at org.testng.internal.TestInvoker.invokeMethod(TestInvoker.java:584)
	at org.testng.internal.TestInvoker.invokeTestMethod(TestInvoker.java:172)
	at org.testng.internal.MethodRunner.runInSequence(MethodRunner.java:46)
	at org.testng.internal.TestInvoker$MethodInvocationAgent.invoke(TestInvoker.java:804)
	at org.testng.internal.TestInvoker.invokeTestMethods(TestInvoker.java:145)
	at org.testng.internal.TestMethodWorker.invokeTestMethods(TestMethodWorker.java:146)
	at org.testng.internal.TestMethodWorker.run(TestMethodWorker.java:128)
	at java.util.ArrayList.forEach(ArrayList.java:1257)
	at org.testng.TestRunner.privateRun(TestRunner.java:770)
	at org.testng.TestRunner.run(TestRunner.java:591)
	at org.testng.SuiteRunner.runTest(SuiteRunner.java:402)
	at org.testng.SuiteRunner.runSequentially(SuiteRunner.java:396)
	at org.testng.SuiteRunner.privateRun(SuiteRunner.java:355)
	at org.testng.SuiteRunner.run(SuiteRunner.java:304)
	at org.testng.SuiteRunnerWorker.runSuite(SuiteRunnerWorker.java:53)
	at org.testng.SuiteRunnerWorker.run(SuiteRunnerWorker.java:96)
	at org.testng.TestNG.runSuitesSequentially(TestNG.java:1180)
	at org.testng.TestNG.runSuitesLocally(TestNG.java:1102)
	at org.testng.TestNG.runSuites(TestNG.java:1032)
	at org.testng.TestNG.run(TestNG.java:1000)
	at org.testng.remote.AbstractRemoteTestNG.run(AbstractRemoteTestNG.java:115)
	at org.testng.remote.RemoteTestNG.initAndRun(RemoteTestNG.java:251)
	at org.testng.remote.RemoteTestNG.main(RemoteTestNG.java:77)
</stack-trace>
            </failure>
            <steps/>
            <attachments/>
            <labels>
                <label name="testSuite" value="Default suite"/>
                <label name="testGroup" value="Default test"/>
                <label name="testClass" value="twc.Automation.SmokeTestCases.smokeTestCases"/>
                <label name="testMethod" value="Smoke_Test_CaseVerify_AQ_aax_amazon_adcalll"/>
                <label name="host" value="Aswinikumars-MacBook-Pro.local"/>
                <label name="thread" value="7168@Aswinikumars-MacBook-Pro.local.main(1)"/>
            </labels>
        </test-case>
        <test-case start="1567363824957" stop="1567363824962" status="broken">
            <name>Smoke_Test_CaseVerify_news_aax_amazon_adcalll</name>
            <title>Verifying news aax call</title>
            <description></description>
            <failure>
                <message>NullPointerException: null</message>
                <stack-trace>java.lang.NullPointerException
	at twc.Automation.ReadDataFromFile.read_xml_data_into_buffer.read_xml_file_into_buffer_string(read_xml_data_into_buffer.java:47)
	at twc.Automation.General.Functions.get_aaxcal_news(Functions.java:2933)
	at twc.Automation.SmokeTestCases.smokeTestCases.Smoke_Test_CaseVerify_news_aax_amazon_adcalll(smokeTestCases.java:858)
	at sun.reflect.NativeMethodAccessorImpl.invoke0(Native Method)
	at sun.reflect.NativeMethodAccessorImpl.invoke(NativeMethodAccessorImpl.java:62)
	at sun.reflect.DelegatingMethodAccessorImpl.invoke(DelegatingMethodAccessorImpl.java:43)
	at java.lang.reflect.Method.invoke(Method.java:498)
	at org.testng.internal.MethodInvocationHelper.invokeMethod(MethodInvocationHelper.java:133)
	at org.testng.internal.TestInvoker.invokeMethod(TestInvoker.java:584)
	at org.testng.internal.TestInvoker.invokeTestMethod(TestInvoker.java:172)
	at org.testng.internal.MethodRunner.runInSequence(MethodRunner.java:46)
	at org.testng.internal.TestInvoker$MethodInvocationAgent.invoke(TestInvoker.java:804)
	at org.testng.internal.TestInvoker.invokeTestMethods(TestInvoker.java:145)
	at org.testng.internal.TestMethodWorker.invokeTestMethods(TestMethodWorker.java:146)
	at org.testng.internal.TestMethodWorker.run(TestMethodWorker.java:128)
	at java.util.ArrayList.forEach(ArrayList.java:1257)
	at org.testng.TestRunner.privateRun(TestRunner.java:770)
	at org.testng.TestRunner.run(TestRunner.java:591)
	at org.testng.SuiteRunner.runTest(SuiteRunner.java:402)
	at org.testng.SuiteRunner.runSequentially(SuiteRunner.java:396)
	at org.testng.SuiteRunner.privateRun(SuiteRunner.java:355)
	at org.testng.SuiteRunner.run(SuiteRunner.java:304)
	at org.testng.SuiteRunnerWorker.runSuite(SuiteRunnerWorker.java:53)
	at org.testng.SuiteRunnerWorker.run(SuiteRunnerWorker.java:96)
	at org.testng.TestNG.runSuitesSequentially(TestNG.java:1180)
	at org.testng.TestNG.runSuitesLocally(TestNG.java:1102)
	at org.testng.TestNG.runSuites(TestNG.java:1032)
	at org.testng.TestNG.run(TestNG.java:1000)
	at org.testng.remote.AbstractRemoteTestNG.run(AbstractRemoteTestNG.java:115)
	at org.testng.remote.RemoteTestNG.initAndRun(RemoteTestNG.java:251)
	at org.testng.remote.RemoteTestNG.main(RemoteTestNG.java:77)
</stack-trace>
            </failure>
            <steps/>
            <attachments/>
            <labels>
                <label name="testSuite" value="Default suite"/>
                <label name="testGroup" value="Default test"/>
                <label name="testClass" value="twc.Automation.SmokeTestCases.smokeTestCases"/>
                <label name="testMethod" value="Smoke_Test_CaseVerify_news_aax_amazon_adcalll"/>
                <label name="host" value="Aswinikumars-MacBook-Pro.local"/>
                <label name="thread" value="7168@Aswinikumars-MacBook-Pro.local.main(1)"/>
            </labels>
        </test-case>
        <test-case start="1567363824964" stop="1567363824970" status="broken">
            <name>Smoke_Test_Verify_hourly_detailpage_adcall_iu</name>
            <title>Verifying ysoriu value for news detailpage ad call iu</title>
            <description></description>
            <failure>
                <message>NullPointerException: null</message>
                <stack-trace>java.lang.NullPointerException
	at twc.Automation.ReadDataFromFile.read_xml_data_into_buffer.read_xml_file_into_buffer_string(read_xml_data_into_buffer.java:47)
	at twc.Automation.General.Functions.Verify_hourly_detailpage_adcall_iu(Functions.java:2607)
	at twc.Automation.SmokeTestCases.smokeTestCases.Smoke_Test_Verify_hourly_detailpage_adcall_iu(smokeTestCases.java:868)
	at sun.reflect.NativeMethodAccessorImpl.invoke0(Native Method)
	at sun.reflect.NativeMethodAccessorImpl.invoke(NativeMethodAccessorImpl.java:62)
	at sun.reflect.DelegatingMethodAccessorImpl.invoke(DelegatingMethodAccessorImpl.java:43)
	at java.lang.reflect.Method.invoke(Method.java:498)
	at org.testng.internal.MethodInvocationHelper.invokeMethod(MethodInvocationHelper.java:133)
	at org.testng.internal.TestInvoker.invokeMethod(TestInvoker.java:584)
	at org.testng.internal.TestInvoker.invokeTestMethod(TestInvoker.java:172)
	at org.testng.internal.MethodRunner.runInSequence(MethodRunner.java:46)
	at org.testng.internal.TestInvoker$MethodInvocationAgent.invoke(TestInvoker.java:804)
	at org.testng.internal.TestInvoker.invokeTestMethods(TestInvoker.java:145)
	at org.testng.internal.TestMethodWorker.invokeTestMethods(TestMethodWorker.java:146)
	at org.testng.internal.TestMethodWorker.run(TestMethodWorker.java:128)
	at java.util.ArrayList.forEach(ArrayList.java:1257)
	at org.testng.TestRunner.privateRun(TestRunner.java:770)
	at org.testng.TestRunner.run(TestRunner.java:591)
	at org.testng.SuiteRunner.runTest(SuiteRunner.java:402)
	at org.testng.SuiteRunner.runSequentially(SuiteRunner.java:396)
	at org.testng.SuiteRunner.privateRun(SuiteRunner.java:355)
	at org.testng.SuiteRunner.run(SuiteRunner.java:304)
	at org.testng.SuiteRunnerWorker.runSuite(SuiteRunnerWorker.java:53)
	at org.testng.SuiteRunnerWorker.run(SuiteRunnerWorker.java:96)
	at org.testng.TestNG.runSuitesSequentially(TestNG.java:1180)
	at org.testng.TestNG.runSuitesLocally(TestNG.java:1102)
	at org.testng.TestNG.runSuites(TestNG.java:1032)
	at org.testng.TestNG.run(TestNG.java:1000)
	at org.testng.remote.AbstractRemoteTestNG.run(AbstractRemoteTestNG.java:115)
	at org.testng.remote.RemoteTestNG.initAndRun(RemoteTestNG.java:251)
	at org.testng.remote.RemoteTestNG.main(RemoteTestNG.java:77)
</stack-trace>
            </failure>
            <steps/>
            <attachments/>
            <labels>
                <label name="testSuite" value="Default suite"/>
                <label name="testGroup" value="Default test"/>
                <label name="testClass" value="twc.Automation.SmokeTestCases.smokeTestCases"/>
                <label name="testMethod" value="Smoke_Test_Verify_hourly_detailpage_adcall_iu"/>
                <label name="host" value="Aswinikumars-MacBook-Pro.local"/>
                <label name="thread" value="7168@Aswinikumars-MacBook-Pro.local.main(1)"/>
            </labels>
        </test-case>
        <test-case start="1567363824972" stop="1567363824976" status="broken">
            <name>Smoke_Test_CaseVerify_hurricane_detal_aax_adcalll</name>
            <title>Verifying news aax call</title>
            <description></description>
            <failure>
                <message>NullPointerException: null</message>
                <stack-trace>java.lang.NullPointerException
	at twc.Automation.ReadDataFromFile.read_xml_data_into_buffer.read_xml_file_into_buffer_string(read_xml_data_into_buffer.java:47)
	at twc.Automation.General.Functions.get_aaxcal_hurricanedetails(Functions.java:2947)
	at twc.Automation.SmokeTestCases.smokeTestCases.Smoke_Test_CaseVerify_hurricane_detal_aax_adcalll(smokeTestCases.java:876)
	at sun.reflect.NativeMethodAccessorImpl.invoke0(Native Method)
	at sun.reflect.NativeMethodAccessorImpl.invoke(NativeMethodAccessorImpl.java:62)
	at sun.reflect.DelegatingMethodAccessorImpl.invoke(DelegatingMethodAccessorImpl.java:43)
	at java.lang.reflect.Method.invoke(Method.java:498)
	at org.testng.internal.MethodInvocationHelper.invokeMethod(MethodInvocationHelper.java:133)
	at org.testng.internal.TestInvoker.invokeMethod(TestInvoker.java:584)
	at org.testng.internal.TestInvoker.invokeTestMethod(TestInvoker.java:172)
	at org.testng.internal.MethodRunner.runInSequence(MethodRunner.java:46)
	at org.testng.internal.TestInvoker$MethodInvocationAgent.invoke(TestInvoker.java:804)
	at org.testng.internal.TestInvoker.invokeTestMethods(TestInvoker.java:145)
	at org.testng.internal.TestMethodWorker.invokeTestMethods(TestMethodWorker.java:146)
	at org.testng.internal.TestMethodWorker.run(TestMethodWorker.java:128)
	at java.util.ArrayList.forEach(ArrayList.java:1257)
	at org.testng.TestRunner.privateRun(TestRunner.java:770)
	at org.testng.TestRunner.run(TestRunner.java:591)
	at org.testng.SuiteRunner.runTest(SuiteRunner.java:402)
	at org.testng.SuiteRunner.runSequentially(SuiteRunner.java:396)
	at org.testng.SuiteRunner.privateRun(SuiteRunner.java:355)
	at org.testng.SuiteRunner.run(SuiteRunner.java:304)
	at org.testng.SuiteRunnerWorker.runSuite(SuiteRunnerWorker.java:53)
	at org.testng.SuiteRunnerWorker.run(SuiteRunnerWorker.java:96)
	at org.testng.TestNG.runSuitesSequentially(TestNG.java:1180)
	at org.testng.TestNG.runSuitesLocally(TestNG.java:1102)
	at org.testng.TestNG.runSuites(TestNG.java:1032)
	at org.testng.TestNG.run(TestNG.java:1000)
	at org.testng.remote.AbstractRemoteTestNG.run(AbstractRemoteTestNG.java:115)
	at org.testng.remote.RemoteTestNG.initAndRun(RemoteTestNG.java:251)
	at org.testng.remote.RemoteTestNG.main(RemoteTestNG.java:77)
</stack-trace>
            </failure>
            <steps/>
            <attachments/>
            <labels>
                <label name="testSuite" value="Default suite"/>
                <label name="testGroup" value="Default test"/>
                <label name="testClass" value="twc.Automation.SmokeTestCases.smokeTestCases"/>
                <label name="testMethod" value="Smoke_Test_CaseVerify_hurricane_detal_aax_adcalll"/>
                <label name="host" value="Aswinikumars-MacBook-Pro.local"/>
                <label name="thread" value="7168@Aswinikumars-MacBook-Pro.local.main(1)"/>
            </labels>
        </test-case>
        <test-case start="1567363824978" stop="1567363975393" status="broken">
            <name>Smoke_Test_Verify_snapshotcard_adcall_iu</name>
            <title>Verifying iu value for snapshot ad call iu</title>
            <description></description>
            <failure>
                <message>NoSuchElementException: An element could not be located on the page using the given search parameters. (WARNING: The server did not provide any stacktrace information)
Command duration or timeout: 60.41 seconds
For documentation on this error, please visit: http://seleniumhq.org/exceptions/no_such_element.html
Build info: version: '2.51.0', revision: '1af067dbcaedd7d2ab9af5151fc471d363d97193', time: '2016-02-05 11:20:57'
System info: host: 'Aswinikumars-MacBook-Pro.local', ip: '192.168.1.101', os.name: 'Mac OS X', os.arch: 'x86_64', os.version: '10.14.5', java.version: '1.8.0_181'
Driver info: io.appium.java_client.android.AndroidDriver
Capabilities [{app=/Users/aswinikumar/Downloads/TWC.Automation.Framework/APKFile/app_google_debug_915000162.apk, appPackage=com.weather.Weather, deviceScreenSize=1440x2560, networkConnectionEnabled=true, noReset=true, warnings={}, appWaitPackage=com.weather.Weather, appWaitActivity=com.weather.Weather.app.SplashScreenActivity, databaseEnabled=false, deviceName=03157df33d91c039, platform=LINUX, deviceUDID=03157df33d91c039, appActivity=com.weather.Weather.app.SplashScreenActivity, desired={app=/Users/aswinikumar/Downloads/TWC.Automation.Framework/APKFile/app_google_debug_915000162.apk, appPackage=com.weather.Weather, appium-version=1.4.13, noReset=true, newCommandTimeout=100000, platformVersion=7.0, platformName=Android, deviceName=Samsung}, appium-version=1.4.13, newCommandTimeout=100000, platformVersion=7.0, webStorageEnabled=false, locationContextEnabled=false, takesScreenshot=true, javascriptEnabled=true, deviceModel=SM-G920I, platformName=Android, deviceManufacturer=samsung}]
Session ID: 2a6ef318-6616-486d-9051-0d8b239207bc
*** Element info: {Using=id, value=com.weather.Weather:id/snapshot_background}</message>
                <stack-trace>org.openqa.selenium.NoSuchElementException: An element could not be located on the page using the given search parameters. (WARNING: The server did not provide any stacktrace information)
Command duration or timeout: 60.41 seconds
For documentation on this error, please visit: http://seleniumhq.org/exceptions/no_such_element.html
Build info: version: '2.51.0', revision: '1af067dbcaedd7d2ab9af5151fc471d363d97193', time: '2016-02-05 11:20:57'
System info: host: 'Aswinikumars-MacBook-Pro.local', ip: '192.168.1.101', os.name: 'Mac OS X', os.arch: 'x86_64', os.version: '10.14.5', java.version: '1.8.0_181'
Driver info: io.appium.java_client.android.AndroidDriver
Capabilities [{app=/Users/aswinikumar/Downloads/TWC.Automation.Framework/APKFile/app_google_debug_915000162.apk, appPackage=com.weather.Weather, deviceScreenSize=1440x2560, networkConnectionEnabled=true, noReset=true, warnings={}, appWaitPackage=com.weather.Weather, appWaitActivity=com.weather.Weather.app.SplashScreenActivity, databaseEnabled=false, deviceName=03157df33d91c039, platform=LINUX, deviceUDID=03157df33d91c039, appActivity=com.weather.Weather.app.SplashScreenActivity, desired={app=/Users/aswinikumar/Downloads/TWC.Automation.Framework/APKFile/app_google_debug_915000162.apk, appPackage=com.weather.Weather, appium-version=1.4.13, noReset=true, newCommandTimeout=100000, platformVersion=7.0, platformName=Android, deviceName=Samsung}, appium-version=1.4.13, newCommandTimeout=100000, platformVersion=7.0, webStorageEnabled=false, locationContextEnabled=false, takesScreenshot=true, javascriptEnabled=true, deviceModel=SM-G920I, platformName=Android, deviceManufacturer=samsung}]
Session ID: 2a6ef318-6616-486d-9051-0d8b239207bc
*** Element info: {Using=id, value=com.weather.Weather:id/snapshot_background}
	at sun.reflect.NativeConstructorAccessorImpl.newInstance0(Native Method)
	at sun.reflect.NativeConstructorAccessorImpl.newInstance(NativeConstructorAccessorImpl.java:62)
	at sun.reflect.DelegatingConstructorAccessorImpl.newInstance(DelegatingConstructorAccessorImpl.java:45)
	at java.lang.reflect.Constructor.newInstance(Constructor.java:423)
	at org.openqa.selenium.remote.ErrorHandler.createThrowable(ErrorHandler.java:206)
	at org.openqa.selenium.remote.ErrorHandler.throwIfResponseFailed(ErrorHandler.java:158)
	at org.openqa.selenium.remote.RemoteWebDriver.execute(RemoteWebDriver.java:678)
	at io.appium.java_client.DefaultGenericMobileDriver.execute(DefaultGenericMobileDriver.java:42)
	at io.appium.java_client.AppiumDriver.execute(AppiumDriver.java:1)
	at io.appium.java_client.android.AndroidDriver.execute(AndroidDriver.java:1)
	at org.openqa.selenium.remote.RemoteWebDriver.findElement(RemoteWebDriver.java:363)
	at org.openqa.selenium.remote.RemoteWebDriver.findElementById(RemoteWebDriver.java:413)
	at io.appium.java_client.DefaultGenericMobileDriver.findElementById(DefaultGenericMobileDriver.java:62)
	at io.appium.java_client.AppiumDriver.findElementById(AppiumDriver.java:1)
	at io.appium.java_client.android.AndroidDriver.findElementById(AndroidDriver.java:1)
	at twc.Automation.HandleWithAppium.AppiumFunctions.click_snapShot_button(AppiumFunctions.java:636)
	at twc.Automation.SmokeTestCases.smokeTestCases.Smoke_Test_Verify_snapshotcard_adcall_iu(smokeTestCases.java:889)
	at sun.reflect.NativeMethodAccessorImpl.invoke0(Native Method)
	at sun.reflect.NativeMethodAccessorImpl.invoke(NativeMethodAccessorImpl.java:62)
	at sun.reflect.DelegatingMethodAccessorImpl.invoke(DelegatingMethodAccessorImpl.java:43)
	at java.lang.reflect.Method.invoke(Method.java:498)
	at org.testng.internal.MethodInvocationHelper.invokeMethod(MethodInvocationHelper.java:133)
	at org.testng.internal.TestInvoker.invokeMethod(TestInvoker.java:584)
	at org.testng.internal.TestInvoker.invokeTestMethod(TestInvoker.java:172)
	at org.testng.internal.MethodRunner.runInSequence(MethodRunner.java:46)
	at org.testng.internal.TestInvoker$MethodInvocationAgent.invoke(TestInvoker.java:804)
	at org.testng.internal.TestInvoker.invokeTestMethods(TestInvoker.java:145)
	at org.testng.internal.TestMethodWorker.invokeTestMethods(TestMethodWorker.java:146)
	at org.testng.internal.TestMethodWorker.run(TestMethodWorker.java:128)
	at java.util.ArrayList.forEach(ArrayList.java:1257)
	at org.testng.TestRunner.privateRun(TestRunner.java:770)
	at org.testng.TestRunner.run(TestRunner.java:591)
	at org.testng.SuiteRunner.runTest(SuiteRunner.java:402)
	at org.testng.SuiteRunner.runSequentially(SuiteRunner.java:396)
	at org.testng.SuiteRunner.privateRun(SuiteRunner.java:355)
	at org.testng.SuiteRunner.run(SuiteRunner.java:304)
	at org.testng.SuiteRunnerWorker.runSuite(SuiteRunnerWorker.java:53)
	at org.testng.SuiteRunnerWorker.run(SuiteRunnerWorker.java:96)
	at org.testng.TestNG.runSuitesSequentially(TestNG.java:1180)
	at org.testng.TestNG.runSuitesLocally(TestNG.java:1102)
	at org.testng.TestNG.runSuites(TestNG.java:1032)
	at org.testng.TestNG.run(TestNG.java:1000)
	at org.testng.remote.AbstractRemoteTestNG.run(AbstractRemoteTestNG.java:115)
	at org.testng.remote.RemoteTestNG.initAndRun(RemoteTestNG.java:251)
	at org.testng.remote.RemoteTestNG.main(RemoteTestNG.java:77)
</stack-trace>
            </failure>
            <steps/>
            <attachments/>
            <labels>
                <label name="testSuite" value="Default suite"/>
                <label name="testGroup" value="Default test"/>
                <label name="testClass" value="twc.Automation.SmokeTestCases.smokeTestCases"/>
                <label name="testMethod" value="Smoke_Test_Verify_snapshotcard_adcall_iu"/>
                <label name="host" value="Aswinikumars-MacBook-Pro.local"/>
                <label name="thread" value="7168@Aswinikumars-MacBook-Pro.local.main(1)"/>
            </labels>
        </test-case>
        <test-case start="1567363975394" stop="1567363975399" status="broken">
            <name>Smoke_Test_Verify_snapshot_spotlight_adcall_iu</name>
            <title>Verifying iu value for snapshot ad call iu</title>
            <description></description>
            <failure>
                <message>NullPointerException: null</message>
                <stack-trace>java.lang.NullPointerException
	at twc.Automation.ReadDataFromFile.read_xml_data_into_buffer.read_xml_file_into_buffer_string(read_xml_data_into_buffer.java:47)
	at twc.Automation.General.Functions.Verify_snapshot_spotlight_iu(Functions.java:2643)
	at twc.Automation.SmokeTestCases.smokeTestCases.Smoke_Test_Verify_snapshot_spotlight_adcall_iu(smokeTestCases.java:899)
	at sun.reflect.NativeMethodAccessorImpl.invoke0(Native Method)
	at sun.reflect.NativeMethodAccessorImpl.invoke(NativeMethodAccessorImpl.java:62)
	at sun.reflect.DelegatingMethodAccessorImpl.invoke(DelegatingMethodAccessorImpl.java:43)
	at java.lang.reflect.Method.invoke(Method.java:498)
	at org.testng.internal.MethodInvocationHelper.invokeMethod(MethodInvocationHelper.java:133)
	at org.testng.internal.TestInvoker.invokeMethod(TestInvoker.java:584)
	at org.testng.internal.TestInvoker.invokeTestMethod(TestInvoker.java:172)
	at org.testng.internal.MethodRunner.runInSequence(MethodRunner.java:46)
	at org.testng.internal.TestInvoker$MethodInvocationAgent.invoke(TestInvoker.java:804)
	at org.testng.internal.TestInvoker.invokeTestMethods(TestInvoker.java:145)
	at org.testng.internal.TestMethodWorker.invokeTestMethods(TestMethodWorker.java:146)
	at org.testng.internal.TestMethodWorker.run(TestMethodWorker.java:128)
	at java.util.ArrayList.forEach(ArrayList.java:1257)
	at org.testng.TestRunner.privateRun(TestRunner.java:770)
	at org.testng.TestRunner.run(TestRunner.java:591)
	at org.testng.SuiteRunner.runTest(SuiteRunner.java:402)
	at org.testng.SuiteRunner.runSequentially(SuiteRunner.java:396)
	at org.testng.SuiteRunner.privateRun(SuiteRunner.java:355)
	at org.testng.SuiteRunner.run(SuiteRunner.java:304)
	at org.testng.SuiteRunnerWorker.runSuite(SuiteRunnerWorker.java:53)
	at org.testng.SuiteRunnerWorker.run(SuiteRunnerWorker.java:96)
	at org.testng.TestNG.runSuitesSequentially(TestNG.java:1180)
	at org.testng.TestNG.runSuitesLocally(TestNG.java:1102)
	at org.testng.TestNG.runSuites(TestNG.java:1032)
	at org.testng.TestNG.run(TestNG.java:1000)
	at org.testng.remote.AbstractRemoteTestNG.run(AbstractRemoteTestNG.java:115)
	at org.testng.remote.RemoteTestNG.initAndRun(RemoteTestNG.java:251)
	at org.testng.remote.RemoteTestNG.main(RemoteTestNG.java:77)
</stack-trace>
            </failure>
            <steps/>
            <attachments/>
            <labels>
                <label name="testSuite" value="Default suite"/>
                <label name="testGroup" value="Default test"/>
                <label name="testClass" value="twc.Automation.SmokeTestCases.smokeTestCases"/>
                <label name="testMethod" value="Smoke_Test_Verify_snapshot_spotlight_adcall_iu"/>
                <label name="host" value="Aswinikumars-MacBook-Pro.local"/>
                <label name="thread" value="7168@Aswinikumars-MacBook-Pro.local.main(1)"/>
            </labels>
        </test-case>
    </test-cases>
    <labels>
        <label name="framework" value="TestNG"/>
        <label name="language" value="JAVA"/>
    </labels>
</ns2:test-suite>
